{
  "stats": {
    "suites": 1,
    "tests": 2,
    "passes": 2,
    "pending": 0,
    "failures": 0,
    "start": "2023-05-18T12:22:43.591Z",
    "end": "2023-05-18T12:23:06.180Z",
    "duration": 22589,
    "testsRegistered": 2,
    "passPercent": 100,
    "pendingPercent": 0,
    "other": 0,
    "hasOther": false,
    "skipped": 0,
    "hasSkipped": false
  },
  "results": [
    {
      "uuid": "65da13c0-7e79-471f-9014-05a48dbf8970",
      "title": "",
      "fullFile": "/Users/kalinemaciel/Documents/codeceptjs/steps/login_test.js",
      "file": "/steps/login_test.js",
      "beforeHooks": [],
      "afterHooks": [],
      "tests": [],
      "suites": [
        {
          "uuid": "979dbf3b-b65c-4b05-a5f3-96896347d3b6",
          "title": "login",
          "fullFile": "/Users/kalinemaciel/Documents/codeceptjs/steps/login_test.js",
          "file": "/steps/login_test.js",
          "beforeHooks": [
            {
              "title": "\"before all\" hook: codeceptjs.beforeSuite in \"login\"",
              "fullTitle": "login \"before all\" hook: codeceptjs.beforeSuite in \"login\"",
              "timedOut": false,
              "duration": 1,
              "state": null,
              "speed": null,
              "pass": false,
              "fail": false,
              "pending": false,
              "context": null,
              "code": "scenario.suiteSetup(suite)",
              "err": {},
              "uuid": "adc95963-46f6-4812-ac77-67f652da78ae",
              "parentUUID": "979dbf3b-b65c-4b05-a5f3-96896347d3b6",
              "isHook": true,
              "skipped": false
            },
            {
              "title": "\"before all\" hook: BeforeSuite in \"login\"",
              "fullTitle": "login \"before all\" hook: BeforeSuite in \"login\"",
              "timedOut": false,
              "duration": 3,
              "state": null,
              "speed": null,
              "pass": false,
              "fail": false,
              "pending": false,
              "context": null,
              "code": "console.log('Suite')",
              "err": {},
              "uuid": "038db863-2922-425a-a856-d7196a12ecbf",
              "parentUUID": "979dbf3b-b65c-4b05-a5f3-96896347d3b6",
              "isHook": true,
              "skipped": false
            },
            {
              "title": "\"before each\" hook: codeceptjs.before in \"login\"",
              "fullTitle": "login \"before each\" hook: codeceptjs.before in \"login\"",
              "timedOut": false,
              "duration": 5421,
              "state": null,
              "speed": null,
              "pass": false,
              "fail": false,
              "pending": false,
              "context": null,
              "code": "scenario.setup(suite)",
              "err": {},
              "uuid": "49ddd876-6520-498b-a28c-12f258fb65af",
              "parentUUID": "979dbf3b-b65c-4b05-a5f3-96896347d3b6",
              "isHook": true,
              "skipped": false
            },
            {
              "title": "\"before each\" hook: Before in \"login\"",
              "fullTitle": "login \"before each\" hook: Before in \"login\"",
              "timedOut": false,
              "duration": 1,
              "state": null,
              "speed": null,
              "pass": false,
              "fail": false,
              "pending": false,
              "context": null,
              "code": "console.log('Scenario')",
              "err": {},
              "uuid": "8dea4378-8791-4651-be01-0c4dc0b163bf",
              "parentUUID": "979dbf3b-b65c-4b05-a5f3-96896347d3b6",
              "isHook": true,
              "skipped": false
            }
          ],
          "afterHooks": [
            {
              "title": "\"after all\" hook: AfterSuite in \"login\"",
              "fullTitle": "login \"after all\" hook: AfterSuite in \"login\"",
              "timedOut": false,
              "duration": 1,
              "state": null,
              "speed": null,
              "pass": false,
              "fail": false,
              "pending": false,
              "context": null,
              "code": "console.log('Suite')",
              "err": {},
              "uuid": "ac081e6f-99b5-4804-ad31-ec563ccff211",
              "parentUUID": "979dbf3b-b65c-4b05-a5f3-96896347d3b6",
              "isHook": true,
              "skipped": false
            },
            {
              "title": "\"after all\" hook: codeceptjs.afterSuite in \"login\"",
              "fullTitle": "login \"after all\" hook: codeceptjs.afterSuite in \"login\"",
              "timedOut": false,
              "duration": 0,
              "state": null,
              "speed": null,
              "pass": false,
              "fail": false,
              "pending": false,
              "context": null,
              "code": "scenario.suiteTeardown(suite)",
              "err": {},
              "uuid": "4eaad94d-86f1-46a0-ae1a-406b7018599a",
              "parentUUID": "979dbf3b-b65c-4b05-a5f3-96896347d3b6",
              "isHook": true,
              "skipped": false
            },
            {
              "title": "\"after each\" hook: After in \"login\"",
              "fullTitle": "login \"after each\" hook: After in \"login\"",
              "timedOut": false,
              "duration": 1,
              "state": null,
              "speed": null,
              "pass": false,
              "fail": false,
              "pending": false,
              "context": null,
              "code": "console.log('Scenario')",
              "err": {},
              "uuid": "77d4a3d2-89b1-456d-b5d0-39ff0c928859",
              "parentUUID": "979dbf3b-b65c-4b05-a5f3-96896347d3b6",
              "isHook": true,
              "skipped": false
            },
            {
              "title": "\"after each\" hook: finalize codeceptjs in \"login\"",
              "fullTitle": "login \"after each\" hook: finalize codeceptjs in \"login\"",
              "timedOut": false,
              "duration": 443,
              "state": null,
              "speed": null,
              "pass": false,
              "fail": false,
              "pending": false,
              "context": null,
              "code": "scenario.teardown(suite)",
              "err": {},
              "uuid": "f9196438-77dc-477a-aad6-82e3bb8071da",
              "parentUUID": "979dbf3b-b65c-4b05-a5f3-96896347d3b6",
              "isHook": true,
              "skipped": false
            }
          ],
          "tests": [
            {
              "title": "Login with success",
              "fullTitle": "login: Login with success",
              "timedOut": false,
              "duration": 6771,
              "state": "passed",
              "speed": "slow",
              "pass": true,
              "fail": false,
              "pending": false,
              "context": null,
              "code": "home_page}) => {\n    login_page.doLogin('teste@teste.com', '123456')\n    home_page.loginSuccess()\n    I.touchPerform([\n        {\n        action: 'longPress',\n        options: {\n            x: 300,\n            y: 1100\n        }\n    },\n    {\n        action: 'moveTo',\n        options: {\n            x: 300,\n            y: 250\n        }\n    },\n    {action: 'release'}\n])",
              "err": {},
              "uuid": "e2516730-648a-4fa3-b27b-1c6f0716574f",
              "parentUUID": "979dbf3b-b65c-4b05-a5f3-96896347d3b6",
              "isHook": false,
              "skipped": false
            },
            {
              "title": "Login with error",
              "fullTitle": "login: Login with error",
              "timedOut": false,
              "duration": 3812,
              "state": "passed",
              "speed": "slow",
              "pass": true,
              "fail": false,
              "pending": false,
              "context": null,
              "code": "login_page.doLogin('erro@teste.com', '123456')\n    login_page.loginError()",
              "err": {},
              "uuid": "39ac3398-1e53-4274-8056-72ab63ea3681",
              "parentUUID": "979dbf3b-b65c-4b05-a5f3-96896347d3b6",
              "isHook": false,
              "skipped": false
            }
          ],
          "suites": [],
          "passes": [
            "e2516730-648a-4fa3-b27b-1c6f0716574f",
            "39ac3398-1e53-4274-8056-72ab63ea3681"
          ],
          "failures": [],
          "pending": [],
          "skipped": [],
          "duration": 10583,
          "root": false,
          "rootEmpty": false,
          "_timeout": 0
        }
      ],
      "passes": [],
      "failures": [],
      "pending": [],
      "skipped": [],
      "duration": 0,
      "root": true,
      "rootEmpty": true,
      "_timeout": 0
    }
  ],
  "meta": {
    "mocha": {
      "version": "10.2.0"
    },
    "mochawesome": {
      "options": {
        "quiet": false,
        "reportFilename": "mochawesome",
        "saveHtml": true,
        "saveJson": true,
        "consoleReporter": "spec",
        "useInlineDiffs": false,
        "code": true
      },
      "version": "7.1.3"
    },
    "marge": {
      "options": {},
      "version": "6.2.0"
    }
  }
}