{
  "stats": {
    "suites": 2,
    "tests": 4,
    "passes": 4,
    "pending": 0,
    "failures": 0,
    "start": "2023-05-18T13:04:22.416Z",
    "end": "2023-05-18T13:05:12.782Z",
    "duration": 50366,
    "testsRegistered": 4,
    "passPercent": 100,
    "pendingPercent": 0,
    "other": 0,
    "hasOther": false,
    "skipped": 0,
    "hasSkipped": false
  },
  "results": [
    {
      "uuid": "6262a79a-b0b6-4c0d-903d-03bfef814991",
      "title": "",
      "fullFile": "",
      "file": "",
      "beforeHooks": [],
      "afterHooks": [],
      "tests": [],
      "suites": [
        {
          "uuid": "6985956a-7e94-4119-a399-472e1471c112",
          "title": "LOGIN",
          "fullFile": "/Users/kalinemaciel/Documents/codeceptjs/steps/login_test.js",
          "file": "/steps/login_test.js",
          "beforeHooks": [
            {
              "title": "\"before all\" hook: codeceptjs.beforeSuite in \"LOGIN\"",
              "fullTitle": "LOGIN \"before all\" hook: codeceptjs.beforeSuite in \"LOGIN\"",
              "timedOut": false,
              "duration": 0,
              "state": null,
              "speed": null,
              "pass": false,
              "fail": false,
              "pending": false,
              "context": null,
              "code": "scenario.suiteSetup(suite)",
              "err": {},
              "uuid": "c3497ecf-196c-4acb-a0c5-0fce50d99a54",
              "parentUUID": "6985956a-7e94-4119-a399-472e1471c112",
              "isHook": true,
              "skipped": false
            },
            {
              "title": "\"before all\" hook: BeforeSuite in \"LOGIN\"",
              "fullTitle": "LOGIN \"before all\" hook: BeforeSuite in \"LOGIN\"",
              "timedOut": false,
              "duration": 3,
              "state": null,
              "speed": null,
              "pass": false,
              "fail": false,
              "pending": false,
              "context": null,
              "code": "console.log('Suite')",
              "err": {},
              "uuid": "80ad4c52-0499-4354-9bde-a9376ab144e2",
              "parentUUID": "6985956a-7e94-4119-a399-472e1471c112",
              "isHook": true,
              "skipped": false
            },
            {
              "title": "\"before each\" hook: codeceptjs.before in \"LOGIN\"",
              "fullTitle": "LOGIN \"before each\" hook: codeceptjs.before in \"LOGIN\"",
              "timedOut": false,
              "duration": 5402,
              "state": null,
              "speed": null,
              "pass": false,
              "fail": false,
              "pending": false,
              "context": null,
              "code": "scenario.setup(suite)",
              "err": {},
              "uuid": "a468bff5-4325-4bb3-b9e5-83d0894c0b23",
              "parentUUID": "6985956a-7e94-4119-a399-472e1471c112",
              "isHook": true,
              "skipped": false
            },
            {
              "title": "\"before each\" hook: Before in \"LOGIN\"",
              "fullTitle": "LOGIN \"before each\" hook: Before in \"LOGIN\"",
              "timedOut": false,
              "duration": 1,
              "state": null,
              "speed": null,
              "pass": false,
              "fail": false,
              "pending": false,
              "context": null,
              "code": "console.log('Scenario')",
              "err": {},
              "uuid": "386adc4d-f39c-4499-a5c8-26db7ee6babd",
              "parentUUID": "6985956a-7e94-4119-a399-472e1471c112",
              "isHook": true,
              "skipped": false
            }
          ],
          "afterHooks": [
            {
              "title": "\"after all\" hook: AfterSuite in \"LOGIN\"",
              "fullTitle": "LOGIN \"after all\" hook: AfterSuite in \"LOGIN\"",
              "timedOut": false,
              "duration": 2,
              "state": null,
              "speed": null,
              "pass": false,
              "fail": false,
              "pending": false,
              "context": null,
              "code": "console.log('Suite')",
              "err": {},
              "uuid": "4395859f-68cc-4b97-acb6-77355743beff",
              "parentUUID": "6985956a-7e94-4119-a399-472e1471c112",
              "isHook": true,
              "skipped": false
            },
            {
              "title": "\"after all\" hook: codeceptjs.afterSuite in \"LOGIN\"",
              "fullTitle": "LOGIN \"after all\" hook: codeceptjs.afterSuite in \"LOGIN\"",
              "timedOut": false,
              "duration": 0,
              "state": null,
              "speed": null,
              "pass": false,
              "fail": false,
              "pending": false,
              "context": null,
              "code": "scenario.suiteTeardown(suite)",
              "err": {},
              "uuid": "3ad8418d-0cea-47b2-98c8-fd2d03b86e34",
              "parentUUID": "6985956a-7e94-4119-a399-472e1471c112",
              "isHook": true,
              "skipped": false
            },
            {
              "title": "\"after each\" hook: After in \"LOGIN\"",
              "fullTitle": "LOGIN \"after each\" hook: After in \"LOGIN\"",
              "timedOut": false,
              "duration": 1,
              "state": null,
              "speed": null,
              "pass": false,
              "fail": false,
              "pending": false,
              "context": null,
              "code": "console.log('Scenario')",
              "err": {},
              "uuid": "4778dcdb-952b-48a3-ba11-d7472962dce5",
              "parentUUID": "6985956a-7e94-4119-a399-472e1471c112",
              "isHook": true,
              "skipped": false
            },
            {
              "title": "\"after each\" hook: finalize codeceptjs in \"LOGIN\"",
              "fullTitle": "LOGIN \"after each\" hook: finalize codeceptjs in \"LOGIN\"",
              "timedOut": false,
              "duration": 542,
              "state": null,
              "speed": null,
              "pass": false,
              "fail": false,
              "pending": false,
              "context": null,
              "code": "scenario.teardown(suite)",
              "err": {},
              "uuid": "a4264a84-4683-4794-8ac5-3b8ef7180666",
              "parentUUID": "6985956a-7e94-4119-a399-472e1471c112",
              "isHook": true,
              "skipped": false
            }
          ],
          "tests": [
            {
              "title": "login with correct credentials",
              "fullTitle": "LOGIN: login with correct credentials",
              "timedOut": false,
              "duration": 7202,
              "state": "passed",
              "speed": "slow",
              "pass": true,
              "fail": false,
              "pending": false,
              "context": null,
              "code": "home_page}) => {\n    login_page.doLogin('teste@teste.com', '123456')\n    home_page.loginSuccess()\n    scroll_page.doScroll()",
              "err": {},
              "uuid": "d3d54d17-87f9-4425-84bc-0dcc85390cab",
              "parentUUID": "6985956a-7e94-4119-a399-472e1471c112",
              "isHook": false,
              "skipped": false
            },
            {
              "title": "login with wrong password",
              "fullTitle": "LOGIN: login with wrong password",
              "timedOut": false,
              "duration": 4828,
              "state": "passed",
              "speed": "slow",
              "pass": true,
              "fail": false,
              "pending": false,
              "context": null,
              "code": "login_page.doLogin('teste@teste.com', '1234')\nlogin_page.loginError()",
              "err": {},
              "uuid": "564b4854-b92d-41c1-a57e-67e5f868b543",
              "parentUUID": "6985956a-7e94-4119-a399-472e1471c112",
              "isHook": false,
              "skipped": false
            },
            {
              "title": "login with wrong email",
              "fullTitle": "LOGIN: login with wrong email",
              "timedOut": false,
              "duration": 4872,
              "state": "passed",
              "speed": "slow",
              "pass": true,
              "fail": false,
              "pending": false,
              "context": null,
              "code": "login_page.doLogin('erro@teste.com', '123456')\nlogin_page.loginError()",
              "err": {},
              "uuid": "4d58a556-3fee-4cb9-9cdc-a9082705bc1b",
              "parentUUID": "6985956a-7e94-4119-a399-472e1471c112",
              "isHook": false,
              "skipped": false
            }
          ],
          "suites": [],
          "passes": [
            "d3d54d17-87f9-4425-84bc-0dcc85390cab",
            "564b4854-b92d-41c1-a57e-67e5f868b543",
            "4d58a556-3fee-4cb9-9cdc-a9082705bc1b"
          ],
          "failures": [],
          "pending": [],
          "skipped": [],
          "duration": 16902,
          "root": false,
          "rootEmpty": false,
          "_timeout": 0
        },
        {
          "uuid": "774d146e-4f7b-4966-b6c1-4c8248609dc2",
          "title": "STUDENTS",
          "fullFile": "/Users/kalinemaciel/Documents/codeceptjs/steps/students_test.js",
          "file": "/steps/students_test.js",
          "beforeHooks": [
            {
              "title": "\"before all\" hook: codeceptjs.beforeSuite in \"STUDENTS\"",
              "fullTitle": "STUDENTS \"before all\" hook: codeceptjs.beforeSuite in \"STUDENTS\"",
              "timedOut": false,
              "duration": 0,
              "state": null,
              "speed": null,
              "pass": false,
              "fail": false,
              "pending": false,
              "context": null,
              "code": "scenario.suiteSetup(suite)",
              "err": {},
              "uuid": "bb9fe6f9-97a8-41ed-8f68-340d8d47ac27",
              "parentUUID": "774d146e-4f7b-4966-b6c1-4c8248609dc2",
              "isHook": true,
              "skipped": false
            },
            {
              "title": "\"before each\" hook: codeceptjs.before in \"STUDENTS\"",
              "fullTitle": "STUDENTS \"before each\" hook: codeceptjs.before in \"STUDENTS\"",
              "timedOut": false,
              "duration": 5299,
              "state": null,
              "speed": null,
              "pass": false,
              "fail": false,
              "pending": false,
              "context": null,
              "code": "scenario.setup(suite)",
              "err": {},
              "uuid": "8ab3cc5d-3dbf-45d5-9ee6-6ebee97439c5",
              "parentUUID": "774d146e-4f7b-4966-b6c1-4c8248609dc2",
              "isHook": true,
              "skipped": false
            }
          ],
          "afterHooks": [
            {
              "title": "\"after all\" hook: codeceptjs.afterSuite in \"STUDENTS\"",
              "fullTitle": "STUDENTS \"after all\" hook: codeceptjs.afterSuite in \"STUDENTS\"",
              "timedOut": false,
              "duration": 0,
              "state": null,
              "speed": null,
              "pass": false,
              "fail": false,
              "pending": false,
              "context": null,
              "code": "scenario.suiteTeardown(suite)",
              "err": {},
              "uuid": "c36fe081-76cf-4a8e-8e62-da0b9dc596de",
              "parentUUID": "774d146e-4f7b-4966-b6c1-4c8248609dc2",
              "isHook": true,
              "skipped": false
            },
            {
              "title": "\"after each\" hook: finalize codeceptjs in \"STUDENTS\"",
              "fullTitle": "STUDENTS \"after each\" hook: finalize codeceptjs in \"STUDENTS\"",
              "timedOut": false,
              "duration": 447,
              "state": null,
              "speed": null,
              "pass": false,
              "fail": false,
              "pending": false,
              "context": null,
              "code": "scenario.teardown(suite)",
              "err": {},
              "uuid": "791a9968-30cd-4d3c-8451-32b17460e37a",
              "parentUUID": "774d146e-4f7b-4966-b6c1-4c8248609dc2",
              "isHook": true,
              "skipped": false
            }
          ],
          "tests": [
            {
              "title": "add student with success",
              "fullTitle": "STUDENTS: add student with success",
              "timedOut": false,
              "duration": 9286,
              "state": "passed",
              "speed": "slow",
              "pass": true,
              "fail": false,
              "pending": false,
              "context": null,
              "code": "I }) => {\n    const myCode = code.getCode()\n    const myName = name.getName()\n    login_page.doLogin('teste@teste.com', '123456')\n    home_page.registerStudent(myCode, myName)\n    home_page.searchStudent(myName, myCode)",
              "err": {},
              "uuid": "944e082e-8821-4b1a-9ec7-781402519d23",
              "parentUUID": "774d146e-4f7b-4966-b6c1-4c8248609dc2",
              "isHook": false,
              "skipped": false
            }
          ],
          "suites": [],
          "passes": [
            "944e082e-8821-4b1a-9ec7-781402519d23"
          ],
          "failures": [],
          "pending": [],
          "skipped": [],
          "duration": 9286,
          "root": false,
          "rootEmpty": false,
          "_timeout": 0
        }
      ],
      "passes": [],
      "failures": [],
      "pending": [],
      "skipped": [],
      "duration": 0,
      "root": true,
      "rootEmpty": true,
      "_timeout": 0
    }
  ],
  "meta": {
    "mocha": {
      "version": "10.2.0"
    },
    "mochawesome": {
      "options": {
        "quiet": false,
        "reportFilename": "mochawesome",
        "saveHtml": true,
        "saveJson": true,
        "consoleReporter": "spec",
        "useInlineDiffs": false,
        "code": true
      },
      "version": "7.1.3"
    },
    "marge": {
      "options": {},
      "version": "6.2.0"
    }
  }
}